<?xml version="1.0" encoding="UTF-8"?>
<!-- Generated by org.testng.reporters.JUnitReportReporter -->
<testsuite hostname="DESKTOP-PG52S8E" failures="0" tests="5" name="runner.TestRunner" time="258.539" errors="0" timestamp="2024-05-01T18:18:50 IST" skipped="0">
  <testcase classname="runner.TestRunner" name="runScenario" time="51.834"/>
  <testcase classname="runner.TestRunner" name="runScenario" time="50.512"/>
  <testcase classname="runner.TestRunner" name="runScenario" time="50.143"/>
  <testcase classname="runner.TestRunner" name="runScenario" time="50.351"/>
  <testcase classname="runner.TestRunner" name="runScenario" time="55.699"/>
</testsuite> <!-- runner.TestRunner -->
